<?xml version="1.0" encoding="UTF-8" ?>

<testsuite failures="0" time="0.157" errors="1" skipped="0" tests="4" name="ApplicationTest">
  <testcase classname="ApplicationTest" name="testThatIndexPageWorks" time="0.039">
      </testcase>
  <testcase classname="ApplicationTest" name="testValidation" time="0.028">
      </testcase>
  <testcase classname="ApplicationTest" name="testSearchPlural" time="0.026">
                        <error type="" message="A java.lang.RuntimeException has been caught, java.util.concurrent.ExecutionException: play.exceptions.JavaExecutionException: org.hibernate.exception.GenericJDBCException: could not execute query">
        <![CDATA[
          In /test/ApplicationTest.java, line 37
          
                      Response response = GET("/search?search=Apple"); :
          
        ]]>
        </error>
                  <system-err>
            java.lang.RuntimeException: java.util.concurrent.ExecutionException: play.exceptions.JavaExecutionException: org.hibernate.exception.GenericJDBCException: could not execute query
	at play.test.FunctionalTest.makeRequest(FunctionalTest.java:291)
	at play.test.FunctionalTest.makeRequest(FunctionalTest.java:297)
	at play.test.FunctionalTest.GET(FunctionalTest.java:100)
	at play.test.FunctionalTest.GET(FunctionalTest.java:54)
	at ApplicationTest.testSearchPlural(ApplicationTest.java:37)
	at sun.reflect.NativeMethodAccessorImpl.invoke0(Native Method)
	at sun.reflect.NativeMethodAccessorImpl.invoke(NativeMethodAccessorImpl.java:39)
	at sun.reflect.DelegatingMethodAccessorImpl.invoke(DelegatingMethodAccessorImpl.java:25)
	at java.lang.reflect.Method.invoke(Method.java:597)
	at org.junit.runners.model.FrameworkMethod$1.runReflectiveCall(FrameworkMethod.java:44)
	at org.junit.internal.runners.model.ReflectiveCallable.run(ReflectiveCallable.java:15)
	at org.junit.runners.model.FrameworkMethod.invokeExplosively(FrameworkMethod.java:41)
	at org.junit.internal.runners.statements.InvokeMethod.evaluate(InvokeMethod.java:20)
	at org.junit.internal.runners.statements.RunBefores.evaluate(RunBefores.java:28)
	at play.test.PlayJUnitRunner$StartPlay$2$1.evaluate(PlayJUnitRunner.java:98)
	at org.junit.runners.BlockJUnit4ClassRunner.runChild(BlockJUnit4ClassRunner.java:76)
	at org.junit.runners.BlockJUnit4ClassRunner.runChild(BlockJUnit4ClassRunner.java:50)
	at org.junit.runners.ParentRunner$3.run(ParentRunner.java:193)
	at org.junit.runners.ParentRunner$1.schedule(ParentRunner.java:52)
	at org.junit.runners.ParentRunner.runChildren(ParentRunner.java:191)
	at org.junit.runners.ParentRunner.access$000(ParentRunner.java:42)
	at org.junit.runners.ParentRunner$2.evaluate(ParentRunner.java:184)
	at org.junit.runners.ParentRunner.run(ParentRunner.java:236)
	at play.test.PlayJUnitRunner.run(PlayJUnitRunner.java:48)
	at org.junit.runners.Suite.runChild(Suite.java:128)
	at org.junit.runners.Suite.runChild(Suite.java:24)
	at org.junit.runners.ParentRunner$3.run(ParentRunner.java:193)
	at org.junit.runners.ParentRunner$1.schedule(ParentRunner.java:52)
	at org.junit.runners.ParentRunner.runChildren(ParentRunner.java:191)
	at org.junit.runners.ParentRunner.access$000(ParentRunner.java:42)
	at org.junit.runners.ParentRunner$2.evaluate(ParentRunner.java:184)
	at org.junit.runners.ParentRunner.run(ParentRunner.java:236)
	at org.junit.runner.JUnitCore.run(JUnitCore.java:157)
	at org.junit.runner.JUnitCore.run(JUnitCore.java:136)
	at org.junit.runner.JUnitCore.run(JUnitCore.java:117)
	at play.test.TestEngine.run(TestEngine.java:101)
	at controllers.TestRunner.run(TestRunner.java:67)
	at sun.reflect.GeneratedMethodAccessor61.invoke(Unknown Source)
	at sun.reflect.DelegatingMethodAccessorImpl.invoke(DelegatingMethodAccessorImpl.java:25)
	at java.lang.reflect.Method.invoke(Method.java:597)
	at play.mvc.ActionInvoker.invokeWithContinuation(ActionInvoker.java:546)
	at play.mvc.ActionInvoker.invoke(ActionInvoker.java:500)
	at play.mvc.ActionInvoker.invokeControllerMethod(ActionInvoker.java:476)
	at play.mvc.ActionInvoker.invokeControllerMethod(ActionInvoker.java:471)
	at play.mvc.ActionInvoker.invoke(ActionInvoker.java:159)
	at play.server.PlayHandler$NettyInvocation.execute(PlayHandler.java:220)
	at play.Invoker$Invocation.run(Invoker.java:265)
	at play.server.PlayHandler$NettyInvocation.run(PlayHandler.java:200)
	at java.util.concurrent.Executors$RunnableAdapter.call(Executors.java:441)
	at java.util.concurrent.FutureTask$Sync.innerRun(FutureTask.java:303)
	at java.util.concurrent.FutureTask.run(FutureTask.java:138)
	at java.util.concurrent.ScheduledThreadPoolExecutor$ScheduledFutureTask.access$301(ScheduledThreadPoolExecutor.java:98)
	at java.util.concurrent.ScheduledThreadPoolExecutor$ScheduledFutureTask.run(ScheduledThreadPoolExecutor.java:206)
	at java.util.concurrent.ThreadPoolExecutor$Worker.runTask(ThreadPoolExecutor.java:886)
	at java.util.concurrent.ThreadPoolExecutor$Worker.run(ThreadPoolExecutor.java:908)
	at java.lang.Thread.run(Thread.java:680)
Caused by: java.util.concurrent.ExecutionException: play.exceptions.JavaExecutionException: org.hibernate.exception.GenericJDBCException: could not execute query
	at java.util.concurrent.FutureTask$Sync.innerGet(FutureTask.java:232)
	at java.util.concurrent.FutureTask.get(FutureTask.java:91)
	at play.test.FunctionalTest.makeRequest(FunctionalTest.java:278)
	... 55 more
Caused by: play.exceptions.JavaExecutionException: org.hibernate.exception.GenericJDBCException: could not execute query
	at play.mvc.ActionInvoker.invoke(ActionInvoker.java:229)
	at play.test.FunctionalTest$1.execute(FunctionalTest.java:265)
	at play.Invoker$Invocation.run(Invoker.java:265)
	at java.util.concurrent.Executors$RunnableAdapter.call(Executors.java:441)
	at java.util.concurrent.FutureTask$Sync.innerRun(FutureTask.java:303)
	at java.util.concurrent.FutureTask.run(FutureTask.java:138)
	... 3 more
Caused by: javax.persistence.PersistenceException: org.hibernate.exception.GenericJDBCException: could not execute query
	at org.hibernate.ejb.AbstractEntityManagerImpl.convert(AbstractEntityManagerImpl.java:1214)
	at org.hibernate.ejb.AbstractEntityManagerImpl.convert(AbstractEntityManagerImpl.java:1147)
	at org.hibernate.ejb.QueryImpl.getSingleResult(QueryImpl.java:307)
	at play.db.jpa.JPQL.count(JPQL.java:24)
	at models.AuctionItem.count(AuctionItem.java)
	at models.AuctionItem.search(AuctionItem.java:65)
	at controllers.Application.search(Application.java:54)
	at sun.reflect.GeneratedMethodAccessor62.invoke(Unknown Source)
	at sun.reflect.DelegatingMethodAccessorImpl.invoke(DelegatingMethodAccessorImpl.java:25)
	at java.lang.reflect.Method.invoke(Method.java:597)
	at play.mvc.ActionInvoker.invokeWithContinuation(ActionInvoker.java:546)
	at play.mvc.ActionInvoker.invoke(ActionInvoker.java:500)
	at play.mvc.ActionInvoker.invokeControllerMethod(ActionInvoker.java:476)
	at play.mvc.ActionInvoker.invokeControllerMethod(ActionInvoker.java:471)
	at play.mvc.ActionInvoker.invoke(ActionInvoker.java:159)
	... 8 more
Caused by: org.hibernate.exception.GenericJDBCException: could not execute query
	at org.hibernate.exception.SQLStateConverter.handledNonSpecificException(SQLStateConverter.java:140)
	at org.hibernate.exception.SQLStateConverter.convert(SQLStateConverter.java:128)
	at org.hibernate.exception.JDBCExceptionHelper.convert(JDBCExceptionHelper.java:66)
	at org.hibernate.loader.Loader.doList(Loader.java:2536)
	at org.hibernate.loader.Loader.listIgnoreQueryCache(Loader.java:2276)
	at org.hibernate.loader.Loader.list(Loader.java:2271)
	at org.hibernate.loader.hql.QueryLoader.list(QueryLoader.java:452)
	at org.hibernate.hql.ast.QueryTranslatorImpl.list(QueryTranslatorImpl.java:363)
	at org.hibernate.engine.query.HQLQueryPlan.performList(HQLQueryPlan.java:196)
	at org.hibernate.impl.SessionImpl.list(SessionImpl.java:1268)
	at org.hibernate.impl.QueryImpl.list(QueryImpl.java:102)
	at org.hibernate.ejb.QueryImpl.getSingleResult(QueryImpl.java:274)
	... 20 more
Caused by: org.h2.jdbc.JdbcSQLException: &#21015; &quot;AUCTIONITE0_.ENDDATE&quot; &#12399;&#12522;&#12473;&#12488;&#12395;&#12424;&#12426;&#12464;&#12523;&#12540;&#12503;&#21270;&#12373;&#12428;&#12394;&#12369;&#12428;&#12400;&#12394;&#12426;&#12414;&#12379;&#12435;
Column &quot;AUCTIONITE0_.ENDDATE&quot; must be in the GROUP BY list; SQL statement:
select count(*) as col_0_0_ from AuctionItem auctionite0_ where auctionite0_.title like ? or (auctionite0_.description like ?) and auctionite0_.endDate&gt;? order by auctionite0_.endDate ASC limit ? [90016-160]
	at org.h2.message.DbException.getJdbcSQLException(DbException.java:329)
	at org.h2.message.DbException.get(DbException.java:169)
	at org.h2.message.DbException.get(DbException.java:146)
	at org.h2.expression.ExpressionColumn.updateAggregate(ExpressionColumn.java:155)
	at org.h2.command.dml.Select.queryGroup(Select.java:338)
	at org.h2.command.dml.Select.queryWithoutCache(Select.java:612)
	at org.h2.command.dml.Query.query(Query.java:298)
	at org.h2.command.dml.Query.query(Query.java:268)
	at org.h2.command.dml.Query.query(Query.java:37)
	at org.h2.command.CommandContainer.query(CommandContainer.java:82)
	at org.h2.command.Command.executeQuery(Command.java:185)
	at org.h2.jdbc.JdbcPreparedStatement.executeQuery(JdbcPreparedStatement.java:96)
	at com.mchange.v2.c3p0.impl.NewProxyPreparedStatement.executeQuery(NewProxyPreparedStatement.java:76)
	at org.hibernate.jdbc.AbstractBatcher.getResultSet(AbstractBatcher.java:208)
	at org.hibernate.loader.Loader.getResultSet(Loader.java:1953)
	at org.hibernate.loader.Loader.doQuery(Loader.java:802)
	at org.hibernate.loader.Loader.doQueryAndInitializeNonLazyCollections(Loader.java:274)
	at org.hibernate.loader.Loader.doList(Loader.java:2533)
	... 28 more

          </system-err>  
        }
            </testcase>
  <testcase classname="ApplicationTest" name="testSearchSingle" time="0.034">
      </testcase>
  <testcase classname="ApplicationTest" name="testShow" time="0.03">
      </testcase>
</testsuite>
